<?xml version="1.0" encoding="UTF-8"?>
<!-- Generated by org.testng.reporters.JUnitReportReporter -->
<testsuite skipped="0" hostname="Apples-MacBook-Pro-2.local" name="test.StaicLinkTest" tests="3" failures="0" timestamp="23 Dec 2017 01:41:15 GMT" time="0.011" errors="0">
  <testcase name="testFirstMethod" time="0.007" classname="test.StaicLinkTest"/>
  <testcase name="testSecondMethod" time="0.002" classname="test.StaicLinkTest"/>
  <testcase name="testThirdMethod" time="0.002" classname="test.StaicLinkTest"/>
</testsuite> <!-- test.StaicLinkTest -->
